<?xml version="1.0" encoding="UTF-8"?>
<!-- Generated by org.testng.reporters.JUnitXMLReporter -->
<testsuite hostname="SHIVAKUMAR-QA" ignored="0" name="Radgate Web Import" tests="8" failures="0" timestamp="07 May 2024 20:48:55 GMT" time="44.776" errors="0">
  <testcase name="loginPageTitleTest" time="0.039" classname="com.qa.radgate.tests.LoginPageTest"/>
  <testcase name="loginTest" time="4.603" classname="com.qa.radgate.tests.LoginPageTest"/>
  <testcase name="trialSelectPageTest" time="2.17" classname="com.qa.radgate.tests.LoginPageTest"/>
  <testcase name="selectSiteIdTest" time="4.214" classname="com.qa.radgate.tests.LoginPageTest"/>
  <testcase name="selectSubjectIdTest" time="2.155" classname="com.qa.radgate.tests.LoginPageTest"/>
  <testcase name="importFormNavigationTest" time="1.144" classname="com.qa.radgate.tests.LoginPageTest"/>
  <testcase name="webImportPageNavigationTest" time="0.875" classname="com.qa.radgate.tests.LoginPageTest"/>
  <testcase name="webImportFileBrowseTest" time="11.622" classname="com.qa.radgate.tests.LoginPageTest"/>
</testsuite> <!-- Radgate Web Import -->
