<?xml version="1.0" encoding="UTF-8"?>
<!-- Generated by org.testng.reporters.JUnitXMLReporter -->
<testsuite hostname="SHIVAKUMAR-QA" ignored="0" name="Radgate Web Import" tests="9" failures="0" timestamp="11 May 2024 10:33:09 GMT" time="36.4" errors="0">
  <testcase name="loginPageTitleTest" time="0.042" classname="com.qa.radgate.tests.LoginPageTest"/>
  <testcase name="loginTest" time="4.507" classname="com.qa.radgate.tests.LoginPageTest"/>
  <testcase name="trialSelectPageTest" time="2.186" classname="com.qa.radgate.tests.LoginPageTest"/>
  <testcase name="selectSiteIdTest" time="4.215" classname="com.qa.radgate.tests.LoginPageTest"/>
  <testcase name="selectSubjectIdTest" time="2.165" classname="com.qa.radgate.tests.LoginPageTest"/>
  <testcase name="importFormNavigationTest" time="0.521" classname="com.qa.radgate.tests.LoginPageTest"/>
  <testcase name="webImportPageNavigationTest" time="0.623" classname="com.qa.radgate.tests.LoginPageTest"/>
  <testcase name="webImportFileBrowseTest" time="6.117" classname="com.qa.radgate.tests.LoginPageTest"/>
  <testcase name="dcmSelectCheckboxTest" time="0.218" classname="com.qa.radgate.tests.LoginPageTest"/>
</testsuite> <!-- Radgate Web Import -->
