<?xml version="1.0" encoding="UTF-8"?>
<testng-results skipped="0" failed="0" ignored="0" total="8" passed="8">
  <reporter-output>
  </reporter-output>
  <suite name="ICPUpgrade Test PW Suite" duration-ms="44776" started-at="2024-05-07T20:48:11Z" finished-at="2024-05-07T20:48:55Z">
    <groups>
    </groups>
    <test name="Radgate Web Import" duration-ms="44776" started-at="2024-05-07T20:48:11Z" finished-at="2024-05-07T20:48:55Z">
      <class name="com.qa.radgate.tests.LoginPageTest">
        <test-method status="PASS" signature="setUp()[pri:0, instance:com.qa.radgate.tests.LoginPageTest@cc285f4]" name="setUp" is-config="true" duration-ms="17876" started-at="2024-05-07T20:48:11Z" finished-at="2024-05-07T20:48:28Z">
          <reporter-output>
          </reporter-output>
        </test-method> <!-- setUp -->
        <test-method status="PASS" signature="loginPageTitleTest()[pri:1, instance:com.qa.radgate.tests.LoginPageTest@cc285f4]" name="loginPageTitleTest" duration-ms="39" started-at="2024-05-07T20:48:28Z" finished-at="2024-05-07T20:48:29Z">
          <reporter-output>
          </reporter-output>
        </test-method> <!-- loginPageTitleTest -->
        <test-method status="PASS" signature="loginTest()[pri:2, instance:com.qa.radgate.tests.LoginPageTest@cc285f4]" name="loginTest" duration-ms="4603" started-at="2024-05-07T20:48:29Z" finished-at="2024-05-07T20:48:33Z">
          <reporter-output>
          </reporter-output>
        </test-method> <!-- loginTest -->
        <test-method status="PASS" signature="trialSelectPageTest(java.lang.String)[pri:3, instance:com.qa.radgate.tests.LoginPageTest@cc285f4]" name="trialSelectPageTest" duration-ms="2170" started-at="2024-05-07T20:48:33Z" finished-at="2024-05-07T20:48:35Z">
          <params>
            <param index="0">
              <value>
                <![CDATA[Bayer_21197_OBR]]>
              </value>
            </param>
          </params>
          <reporter-output>
          </reporter-output>
        </test-method> <!-- trialSelectPageTest -->
        <test-method status="PASS" signature="selectSiteIdTest(java.lang.String)[pri:4, instance:com.qa.radgate.tests.LoginPageTest@cc285f4]" name="selectSiteIdTest" duration-ms="4214" started-at="2024-05-07T20:48:35Z" finished-at="2024-05-07T20:48:40Z">
          <params>
            <param index="0">
              <value>
                <![CDATA[99999]]>
              </value>
            </param>
          </params>
          <reporter-output>
          </reporter-output>
        </test-method> <!-- selectSiteIdTest -->
        <test-method status="PASS" signature="selectSubjectIdTest(java.lang.String, java.lang.String)[pri:5, instance:com.qa.radgate.tests.LoginPageTest@cc285f4]" name="selectSubjectIdTest" duration-ms="2155" started-at="2024-05-07T20:48:40Z" finished-at="2024-05-07T20:48:42Z">
          <params>
            <param index="0">
              <value>
                <![CDATA[99999]]>
              </value>
            </param>
            <param index="1">
              <value>
                <![CDATA[999993510]]>
              </value>
            </param>
          </params>
          <reporter-output>
          </reporter-output>
        </test-method> <!-- selectSubjectIdTest -->
        <test-method status="PASS" signature="importFormNavigationTest()[pri:6, instance:com.qa.radgate.tests.LoginPageTest@cc285f4]" name="importFormNavigationTest" duration-ms="1144" started-at="2024-05-07T20:48:42Z" finished-at="2024-05-07T20:48:43Z">
          <reporter-output>
          </reporter-output>
        </test-method> <!-- importFormNavigationTest -->
        <test-method status="PASS" signature="webImportPageNavigationTest(java.lang.String, java.lang.String, java.lang.String, java.lang.String)[pri:7, instance:com.qa.radgate.tests.LoginPageTest@cc285f4]" name="webImportPageNavigationTest" duration-ms="875" started-at="2024-05-07T20:48:43Z" finished-at="2024-05-07T20:48:44Z">
          <params>
            <param index="0">
              <value>
                <![CDATA[999993510]]>
              </value>
            </param>
            <param index="1">
              <value>
                <![CDATA[Study_period_1]]>
              </value>
            </param>
            <param index="2">
              <value>
                <![CDATA[MR]]>
              </value>
            </param>
            <param index="3">
              <value>
                <![CDATA[12:42:52]]>
              </value>
            </param>
          </params>
          <reporter-output>
          </reporter-output>
        </test-method> <!-- webImportPageNavigationTest -->
        <test-method status="PASS" signature="webImportFileBrowseTest(java.lang.String)[pri:8, instance:com.qa.radgate.tests.LoginPageTest@cc285f4]" name="webImportFileBrowseTest" duration-ms="11622" started-at="2024-05-07T20:48:44Z" finished-at="2024-05-07T20:48:55Z">
          <params>
            <param index="0">
              <value>
                <![CDATA[E:\\238\\Screening\\_278ac12cbd154655bd1c45fe773cb8cb.dcm]]>
              </value>
            </param>
          </params>
          <reporter-output>
          </reporter-output>
        </test-method> <!-- webImportFileBrowseTest -->
        <test-method status="PASS" signature="tearDown()[pri:0, instance:com.qa.radgate.tests.LoginPageTest@cc285f4]" name="tearDown" is-config="true" duration-ms="0" started-at="2024-05-07T20:48:55Z" finished-at="2024-05-07T20:48:55Z">
          <reporter-output>
          </reporter-output>
        </test-method> <!-- tearDown -->
      </class> <!-- com.qa.radgate.tests.LoginPageTest -->
    </test> <!-- Radgate Web Import -->
  </suite> <!-- ICPUpgrade Test PW Suite -->
</testng-results>
